[debug] [2024-11-05T03:37:48.475Z] ----------------------------------------------------------------------
[debug] [2024-11-05T03:37:48.477Z] Command:       /opt/homebrew/Cellar/node/22.9.0/bin/node /opt/homebrew/bin/firebase init emulators
[debug] [2024-11-05T03:37:48.478Z] CLI Version:   13.22.0
[debug] [2024-11-05T03:37:48.478Z] Platform:      darwin
[debug] [2024-11-05T03:37:48.478Z] Node Version:  v22.9.0
[debug] [2024-11-05T03:37:48.478Z] Time:          Mon Nov 04 2024 21:37:48 GMT-0600 (Central Standard Time)
[debug] [2024-11-05T03:37:48.478Z] ----------------------------------------------------------------------
[debug] 
[debug] [2024-11-05T03:37:48.481Z] >>> [apiv2][query] GET https://firebase-public.firebaseio.com/cli.json [none]
[debug] [2024-11-05T03:37:48.545Z] > command requires scopes: ["email","openid","https://www.googleapis.com/auth/cloudplatformprojects.readonly","https://www.googleapis.com/auth/firebase","https://www.googleapis.com/auth/cloud-platform"]
[debug] [2024-11-05T03:37:48.545Z] > authorizing via signed-in user (contact@stuka.xyz)
[info] 
     ######## #### ########  ######## ########     ###     ######  ########
     ##        ##  ##     ## ##       ##     ##  ##   ##  ##       ##
     ######    ##  ########  ######   ########  #########  ######  ######
     ##        ##  ##    ##  ##       ##     ## ##     ##       ## ##
     ##       #### ##     ## ######## ########  ##     ##  ######  ########

You're about to initialize a Firebase project in this directory:

  /Users/sammy/Desktop/XLFC-Back

Before we get started, keep in mind:

  * You are initializing within an existing Firebase project directory

[info] 
=== Project Setup
[info] 
[info] First, let's associate this project directory with a Firebase project.
[info] You can create multiple project aliases by running firebase use --add, 
[info] but for now we'll just set up a default project.
[info] 
[debug] [2024-11-05T03:37:48.547Z] Using project from CLI flag: xlfc-e8f8f
[debug] [2024-11-05T03:37:48.547Z] Checked if tokens are valid: false, expires at: 1729169264199
[debug] [2024-11-05T03:37:48.547Z] Checked if tokens are valid: false, expires at: 1729169264199
[debug] [2024-11-05T03:37:48.548Z] > refreshing access token with scopes: []
[debug] [2024-11-05T03:37:48.548Z] >>> [apiv2][query] POST https://www.googleapis.com/oauth2/v3/token [none]
[debug] [2024-11-05T03:37:48.548Z] >>> [apiv2][body] POST https://www.googleapis.com/oauth2/v3/token [omitted]
[debug] [2024-11-05T03:37:48.639Z] <<< [apiv2][status] POST https://www.googleapis.com/oauth2/v3/token 400
[debug] [2024-11-05T03:37:48.640Z] <<< [apiv2][body] POST https://www.googleapis.com/oauth2/v3/token [omitted]
[debug] [2024-11-05T03:37:48.640Z] Authentication Error: Your credentials are no longer valid. Please run firebase login --reauth

For CI servers and headless environments, generate a new token with firebase login:ci
[debug] [2024-11-05T03:37:48.696Z] <<< [apiv2][status] GET https://firebase-public.firebaseio.com/cli.json 200
[debug] [2024-11-05T03:37:48.696Z] <<< [apiv2][body] GET https://firebase-public.firebaseio.com/cli.json {"cloudBuildErrorAfter":1594252800000,"cloudBuildWarnAfter":1590019200000,"defaultNode10After":1594252800000,"minVersion":"3.0.5","node8DeploysDisabledAfter":1613390400000,"node8RuntimeDisabledAfter":1615809600000,"node8WarnAfter":1600128000000}
[debug] [2024-11-05T03:37:48.725Z] FirebaseError: Authentication Error: Your credentials are no longer valid. Please run firebase login --reauth

For CI servers and headless environments, generate a new token with firebase login:ci
    at invalidCredentialError (/opt/homebrew/lib/node_modules/firebase-tools/lib/auth.js:140:12)
    at refreshTokens (/opt/homebrew/lib/node_modules/firebase-tools/lib/auth.js:526:15)
    at process.processTicksAndRejections (node:internal/process/task_queues:105:5)
    at async getAccessToken (/opt/homebrew/lib/node_modules/firebase-tools/lib/apiv2.js:42:18)
    at async Client.addAuthHeader (/opt/homebrew/lib/node_modules/firebase-tools/lib/apiv2.js:169:21)
    at async Client.request (/opt/homebrew/lib/node_modules/firebase-tools/lib/apiv2.js:120:34)
    at async getFirebaseProject (/opt/homebrew/lib/node_modules/firebase-tools/lib/management/projects.js:295:21)
    at async doSetup (/opt/homebrew/lib/node_modules/firebase-tools/lib/init/features/project.js:85:27)
    at async init (/opt/homebrew/lib/node_modules/firebase-tools/lib/init/index.js:41:9)
[error] 
[error] Error: Failed to get Firebase project xlfc-e8f8f. Please make sure the project exists and your account has permission to access it.
